<?xml version="1.0" encoding="UTF-8"?>
<!-- Generated by org.testng.reporters.JUnitReportReporter -->
<testsuite hostname="LAPTOP-8HVBMPIE" failures="0" tests="1" name="com.abc.weeklysalary.CalculatorTest" time="0.005" errors="0" timestamp="24 Aug 2024 17:07:45 GMT">
  <testcase classname="com.abc.weeklysalary.CalculatorTest" name="testAdd" time="0.005"/>
</testsuite> <!-- com.abc.weeklysalary.CalculatorTest -->
